<?xml version="1.0" encoding="UTF-8"?>
<!-- Generated by org.testng.reporters.JUnitReportReporter -->
<testsuite skipped="0" hostname="Ankur" name="org.qsp.testPom.TestValidLogin" tests="1" failures="0" timestamp="17 Jan 2020 11:44:45 GMT" time="51.922" errors="0">
  <testcase name="testValidLogin" time="51.922" classname="org.qsp.testPom.TestValidLogin"/>
</testsuite> <!-- org.qsp.testPom.TestValidLogin -->
